{
  "stats": {
    "suites": 0,
    "tests": 0,
    "passes": 0,
    "pending": 0,
    "failures": 0,
    "start": "2022-07-06T19:33:26.366Z",
    "end": "2022-07-06T19:33:26.367Z",
    "duration": 1,
    "testsRegistered": 10,
    "passPercent": 0,
    "pendingPercent": 0,
    "other": 0,
    "hasOther": false,
    "skipped": 10,
    "hasSkipped": true
  },
  "results": [
    {
      "uuid": "51e35349-e8cf-4538-8e60-4ffeab446f86",
      "title": "",
      "fullFile": "",
      "file": "",
      "beforeHooks": [],
      "afterHooks": [],
      "tests": [],
      "suites": [
        {
          "uuid": "3561e926-33eb-4ac6-ad9a-34e24b76d170",
          "title": "Test Scenarios 1 - GET",
          "fullFile": "C:\\Users\\Francois\\Desktop\\framework\\api-automation\\Scenarios.mjs",
          "file": "\\Scenarios.mjs",
          "beforeHooks": [],
          "afterHooks": [],
          "tests": [
            {
              "title": "1. A GET request for an endpoint",
              "fullTitle": "Test Scenarios 1 - GET 1. A GET request for an endpoint",
              "timedOut": false,
              "duration": 0,
              "state": null,
              "speed": null,
              "pass": false,
              "fail": false,
              "pending": false,
              "context": null,
              "code": "fetch(endpoints.nodejsEnpoint)\n.then(response => response.json())\n.then(data => {\n  console.log(data);\n  console.log(data.name) // Prints result from `response.json()` in getRequest\n  console.assert(data.name == 'Node.js')\n  //assert.equal(data.name, \"Node.js\");\n})\n.catch(error => console.error(error))\ndone();",
              "err": {},
              "uuid": "b0578697-bff3-4817-91fd-de6a408e3e77",
              "parentUUID": null,
              "isHook": false,
              "skipped": true
            },
            {
              "title": "2. A GET request to get Hooks",
              "fullTitle": "Test Scenarios 1 - GET 2. A GET request to get Hooks",
              "timedOut": false,
              "duration": 0,
              "state": null,
              "speed": null,
              "pass": false,
              "fail": false,
              "pending": false,
              "context": null,
              "code": "fetch(endpoints.nodejsHooksEndpoint, {\n  method: 'POST',\n  headers: {\n    'Content-Type': 'application/json'\n  },\n  body: JSON.stringify({orderId: 1})  \n})\n   .then(resp => resp.json())\n   .then( json => console.log(json))\ndone();",
              "err": {},
              "uuid": "ca4eba23-c20a-490c-afae-55575c2cb6f0",
              "parentUUID": null,
              "isHook": false,
              "skipped": true
            },
            {
              "title": "3. A GET request to get Repos",
              "fullTitle": "Test Scenarios 1 - GET 3. A GET request to get Repos",
              "timedOut": false,
              "duration": 0,
              "state": null,
              "speed": null,
              "pass": false,
              "fail": false,
              "pending": false,
              "context": null,
              "code": "fetch(endpoints.nodejsReposEndpoint, {\n  method: 'POST',\n  headers: {\n    'Content-Type': 'application/json'\n  },\n  body: JSON.stringify({orderId: 1})  \n})\n   .then(resp => resp.json())\n   .then( json => console.log(json))\ndone();",
              "err": {},
              "uuid": "128e021e-fc45-4d02-8215-bf5527ecae0e",
              "parentUUID": null,
              "isHook": false,
              "skipped": true
            }
          ],
          "suites": [],
          "passes": [],
          "failures": [],
          "pending": [],
          "skipped": [
            "b0578697-bff3-4817-91fd-de6a408e3e77",
            "ca4eba23-c20a-490c-afae-55575c2cb6f0",
            "128e021e-fc45-4d02-8215-bf5527ecae0e"
          ],
          "duration": 0,
          "root": false,
          "rootEmpty": false,
          "_timeout": 60000
        },
        {
          "uuid": "df6cd1f6-c5ea-46b1-a72e-7b0974711d5a",
          "title": "Test Scenarios 1 - POST",
          "fullFile": "C:\\Users\\Francois\\Desktop\\framework\\api-automation\\Scenarios.mjs",
          "file": "\\Scenarios.mjs",
          "beforeHooks": [],
          "afterHooks": [],
          "tests": [
            {
              "title": "1. A POST request",
              "fullTitle": "Test Scenarios 1 - POST 1. A POST request",
              "timedOut": false,
              "duration": 0,
              "state": null,
              "speed": null,
              "pass": false,
              "fail": false,
              "pending": false,
              "context": null,
              "code": "fetch(endpoints.nodejsPostEndpoint, {\n  method: 'POST',\n  headers: {\n    'Content-Type': 'application/json'\n  },\n  body: JSON.stringify({orderId: 1})  \n})\n   .then(resp => resp.json())\n   .then( json => console.log(json))\n  done();",
              "err": {},
              "uuid": "15295d68-b54a-475f-a41a-d9b19fe339b5",
              "parentUUID": null,
              "isHook": false,
              "skipped": true
            },
            {
              "title": "2. A POST request",
              "fullTitle": "Test Scenarios 1 - POST 2. A POST request",
              "timedOut": false,
              "duration": 0,
              "state": null,
              "speed": null,
              "pass": false,
              "fail": false,
              "pending": false,
              "context": null,
              "code": "fetch(endpoints.nodejsPostEndpoint, {\n  method: 'POST',\n  headers: {\n    'Content-Type': 'application/json'\n  },\n  body: JSON.stringify({orderId: 1})  \n})\n   .then(resp => resp.json())\n   .then( json => console.log(json))\n  done();",
              "err": {},
              "uuid": "98c9d660-a0ad-4572-bcc8-ed94e1bc28b0",
              "parentUUID": null,
              "isHook": false,
              "skipped": true
            }
          ],
          "suites": [],
          "passes": [],
          "failures": [],
          "pending": [],
          "skipped": [
            "15295d68-b54a-475f-a41a-d9b19fe339b5",
            "98c9d660-a0ad-4572-bcc8-ed94e1bc28b0"
          ],
          "duration": 0,
          "root": false,
          "rootEmpty": false,
          "_timeout": 60000
        },
        {
          "uuid": "a38ce383-f68a-4ed0-9491-4eb8b99d4332",
          "title": "Test Scenarios 2 - GET",
          "fullFile": "C:\\Users\\Francois\\Desktop\\framework\\api-automation\\Scenarios2.mjs",
          "file": "\\Scenarios2.mjs",
          "beforeHooks": [],
          "afterHooks": [],
          "tests": [
            {
              "title": "1. A GET request for an endpoint",
              "fullTitle": "Test Scenarios 2 - GET 1. A GET request for an endpoint",
              "timedOut": false,
              "duration": 0,
              "state": null,
              "speed": null,
              "pass": false,
              "fail": false,
              "pending": false,
              "context": null,
              "code": "fetch(endpoints.nodejsEnpoint)\n.then(response => response.json())\n.then(data => {\n  console.log(data);\n  console.log(data.name) // Prints result from `response.json()` in getRequest\n  console.assert(data.name == 'Node.js')\n  assert.equal(data.name, \"Node.js\");\n})\n.catch(error => console.error(error))\ndone();",
              "err": {},
              "uuid": "d782489d-8779-4b01-8cc4-6d364f73db9e",
              "parentUUID": null,
              "isHook": false,
              "skipped": true
            },
            {
              "title": "2. A GET request to get Hooks",
              "fullTitle": "Test Scenarios 2 - GET 2. A GET request to get Hooks",
              "timedOut": false,
              "duration": 0,
              "state": null,
              "speed": null,
              "pass": false,
              "fail": false,
              "pending": false,
              "context": null,
              "code": "fetch(endpoints.nodejsHooksEndpoint, {\n  method: 'POST',\n  headers: {\n    'Content-Type': 'application/json'\n  },\n  body: JSON.stringify({orderId: 1})  \n})\n   .then(resp => resp.json())\n   .then( json => console.log(json))\ndone();",
              "err": {},
              "uuid": "602a9c17-702a-4503-9b46-c44ca472e2e9",
              "parentUUID": null,
              "isHook": false,
              "skipped": true
            },
            {
              "title": "3. A GET request to get Repos",
              "fullTitle": "Test Scenarios 2 - GET 3. A GET request to get Repos",
              "timedOut": false,
              "duration": 0,
              "state": null,
              "speed": null,
              "pass": false,
              "fail": false,
              "pending": false,
              "context": null,
              "code": "fetch(endpoints.nodejsReposEndpoint, {\n  method: 'POST',\n  headers: {\n    'Content-Type': 'application/json'\n  },\n  body: JSON.stringify({orderId: 1})  \n})\n   .then(resp => resp.json())\n   .then( json => console.log(json))\ndone();",
              "err": {},
              "uuid": "421a01eb-26ca-46e4-a9fa-f1a39e4374ca",
              "parentUUID": null,
              "isHook": false,
              "skipped": true
            }
          ],
          "suites": [],
          "passes": [],
          "failures": [],
          "pending": [],
          "skipped": [
            "d782489d-8779-4b01-8cc4-6d364f73db9e",
            "602a9c17-702a-4503-9b46-c44ca472e2e9",
            "421a01eb-26ca-46e4-a9fa-f1a39e4374ca"
          ],
          "duration": 0,
          "root": false,
          "rootEmpty": false,
          "_timeout": 60000
        },
        {
          "uuid": "e12e75ce-14c6-43de-b842-190d61f063ad",
          "title": "Test Scenarios 2 - POST",
          "fullFile": "C:\\Users\\Francois\\Desktop\\framework\\api-automation\\Scenarios2.mjs",
          "file": "\\Scenarios2.mjs",
          "beforeHooks": [],
          "afterHooks": [],
          "tests": [
            {
              "title": "1. A POST request",
              "fullTitle": "Test Scenarios 2 - POST 1. A POST request",
              "timedOut": false,
              "duration": 0,
              "state": null,
              "speed": null,
              "pass": false,
              "fail": false,
              "pending": false,
              "context": null,
              "code": "fetch(endpoints.nodejsPostEndpoint, {\n  method: 'POST',\n  headers: {\n    'Content-Type': 'application/json'\n  },\n  body: JSON.stringify({orderId: 1})  \n})\n   .then(resp => resp.json())\n   .then( json => console.log(json))\n  done();",
              "err": {},
              "uuid": "24f98568-c77d-43b9-94ba-f2179eb09646",
              "parentUUID": null,
              "isHook": false,
              "skipped": true
            },
            {
              "title": "2. A POST request",
              "fullTitle": "Test Scenarios 2 - POST 2. A POST request",
              "timedOut": false,
              "duration": 0,
              "state": null,
              "speed": null,
              "pass": false,
              "fail": false,
              "pending": false,
              "context": null,
              "code": "fetch(endpoints.nodejsPostEndpoint, {\n  method: 'POST',\n  headers: {\n    'Content-Type': 'application/json'\n  },\n  body: JSON.stringify({orderId: 1})  \n})\n   .then(resp => resp.json())\n   .then( json => console.log(json))\n  done();",
              "err": {},
              "uuid": "d4c1a05b-812d-4ae4-8909-9d74bb979398",
              "parentUUID": null,
              "isHook": false,
              "skipped": true
            }
          ],
          "suites": [],
          "passes": [],
          "failures": [],
          "pending": [],
          "skipped": [
            "24f98568-c77d-43b9-94ba-f2179eb09646",
            "d4c1a05b-812d-4ae4-8909-9d74bb979398"
          ],
          "duration": 0,
          "root": false,
          "rootEmpty": false,
          "_timeout": 60000
        }
      ],
      "passes": [],
      "failures": [],
      "pending": [],
      "skipped": [],
      "duration": 0,
      "root": true,
      "rootEmpty": true,
      "_timeout": 60000
    }
  ],
  "meta": {
    "mocha": {
      "version": "10.0.0"
    },
    "mochawesome": {
      "options": {
        "quiet": false,
        "reportFilename": "mochawesome",
        "saveHtml": true,
        "saveJson": true,
        "consoleReporter": "spec",
        "useInlineDiffs": false,
        "code": true
      },
      "version": "7.1.3"
    },
    "marge": {
      "options": null,
      "version": "6.2.0"
    }
  }
}